  Engine.cpp
C:\Users\hoang\source\repos\Project1\Engine.cpp(29,51): warning C4244: 'argument': conversion from 'int' to 'T', possible loss of data
          with
          [
              T=float
          ]
C:\Users\hoang\source\repos\Project1\Engine.cpp(30,51): warning C4244: 'argument': conversion from 'int' to 'T', possible loss of data
          with
          [
              T=float
          ]
C:\Users\hoang\source\repos\Project1\Engine.cpp(34,54): warning C4244: 'argument': conversion from 'int' to 'T', possible loss of data
          with
          [
              T=float
          ]
C:\Users\hoang\source\repos\Project1\Engine.cpp(35,69): warning C4244: 'argument': conversion from 'int' to 'T', possible loss of data
          with
          [
              T=float
          ]
C:\Users\hoang\source\repos\Project1\Engine.cpp(176,27): warning C4018: '<': signed/unsigned mismatch
C:\Users\hoang\source\repos\Project1\Engine.cpp(211,23): warning C4018: '<': signed/unsigned mismatch
C:\Users\hoang\source\repos\Project1\Engine.cpp(230,40): warning C4244: '=': conversion from 'int' to 'T', possible loss of data
          with
          [
              T=float
          ]
C:\Users\hoang\source\repos\Project1\Engine.cpp(231,40): warning C4244: '=': conversion from 'int' to 'T', possible loss of data
          with
          [
              T=float
          ]
  Project1.vcxproj -> C:\Users\hoang\source\repos\Project1\Debug\Project1.exe
